<?xml version="1.0" encoding="UTF-8"?>
<!-- Generated by org.testng.reporters.JUnitXMLReporter -->
<testsuite ignored="5" hostname="BLRSFLT195" failures="0" tests="1" name="Default test" time="116.862" errors="0" timestamp="04 Dec 2022 14:35:45 GMT">
  <testcase classname="org.interior.ProductPurchase" name="productSelecting" time="83.847"/>
  <testcase classname="org.interior.ProductPurchase" name="CartWorks" time="0.0">
    <ignored/>
  </testcase> <!-- CartWorks -->
  <testcase classname="org.interior.ProductPurchase" name="checkout" time="0.0">
    <ignored/>
  </testcase> <!-- checkout -->
  <testcase classname="org.interior.ProductPurchase" name="login" time="0.0">
    <ignored/>
  </testcase> <!-- login -->
  <testcase classname="org.interior.ProductPurchase" name="paymentGateway" time="0.0">
    <ignored/>
  </testcase> <!-- paymentGateway -->
  <testcase classname="org.interior.ProductPurchase" name="checkoutPayment" time="0.0">
    <ignored/>
  </testcase> <!-- checkoutPayment -->
</testsuite> <!-- Default test -->
