<?xml version="1.0" encoding="UTF-8"?>
<testng-results ignored="5" total="6" passed="1" failed="0" skipped="0">
  <reporter-output>
  </reporter-output>
  <suite started-at="2022-12-04T14:33:48Z" name="Default suite" finished-at="2022-12-04T14:35:45Z" duration-ms="116862">
    <groups>
    </groups>
    <test started-at="2022-12-04T14:33:48Z" name="Default test" finished-at="2022-12-04T14:35:45Z" duration-ms="116862">
      <class name="org.interior.ProductPurchase">
        <test-method is-config="true" signature="start()[pri:0, instance:org.interior.ProductPurchase@be68757]" started-at="2022-12-04T14:33:48Z" name="start" finished-at="2022-12-04T14:34:21Z" duration-ms="32975" status="PASS">
          <reporter-output>
          </reporter-output>
        </test-method> <!-- start -->
        <test-method signature="productSelecting()[pri:2, instance:org.interior.ProductPurchase@be68757]" started-at="2022-12-04T14:34:21Z" name="productSelecting" finished-at="2022-12-04T14:35:45Z" duration-ms="83847" status="PASS">
          <reporter-output>
          </reporter-output>
        </test-method> <!-- productSelecting -->
      </class> <!-- org.interior.ProductPurchase -->
    </test> <!-- Default test -->
  </suite> <!-- Default suite -->
</testng-results>
